2016-04-07 20:32:17,975 [c.s.s.c.c.SdkVersion] [main] [INFO] SDK starting up, version javasdk-1.5.3.0
2016-04-07 20:32:39,922 [c.s.s.d.l.EntityEventHandler] [bookmaker-sdk-pool-1-thread-3] [WARN] User handler for onOutrightsReceived threw an exception
java.lang.NumberFormatException: null
	at java.lang.Integer.parseInt(Integer.java:542)
	at java.lang.Integer.valueOf(Integer.java:766)
	at kz.nmbet.betradar.dao.domain.types.TeamType.find(TeamType.java:17)
	at kz.nmbet.betradar.dao.service.PrivateOutrightService.create(PrivateOutrightService.java:155)
	at kz.nmbet.betradar.dao.service.PrivateOutrightService.create(PrivateOutrightService.java:82)
	at kz.nmbet.betradar.dao.service.PrivateOutrightService.create(PrivateOutrightService.java:55)
	at kz.nmbet.betradar.dao.service.PrivateOutrightService$$FastClassBySpringCGLIB$$31cd0bd7.invoke(<generated>)
	at org.springframework.cglib.proxy.MethodProxy.invoke(MethodProxy.java:204)
	at org.springframework.aop.framework.CglibAopProxy$CglibMethodInvocation.invokeJoinpoint(CglibAopProxy.java:720)
	at org.springframework.aop.framework.ReflectiveMethodInvocation.proceed(ReflectiveMethodInvocation.java:157)
	at org.springframework.transaction.interceptor.TransactionInterceptor$1.proceedWithInvocation(TransactionInterceptor.java:99)
	at org.springframework.transaction.interceptor.TransactionAspectSupport.invokeWithinTransaction(TransactionAspectSupport.java:281)
	at org.springframework.transaction.interceptor.TransactionInterceptor.invoke(TransactionInterceptor.java:96)
	at org.springframework.aop.framework.ReflectiveMethodInvocation.proceed(ReflectiveMethodInvocation.java:179)
	at org.springframework.aop.framework.CglibAopProxy$DynamicAdvisedInterceptor.intercept(CglibAopProxy.java:655)
	at kz.nmbet.betradar.dao.service.PrivateOutrightService$$EnhancerBySpringCGLIB$$cd2523e7.create(<generated>)
	at kz.nmbet.betradar.api.LcooFeedListenerImpl.onOutrightsReceived(LcooFeedListenerImpl.java:100)
	at com.sportradar.sdk.dispatch.lcoo.EntityEventHandler.dispatchOutrights(EntityEventHandler.java:78)
	at com.sportradar.sdk.dispatch.lcoo.LoggingEntityEventHandler.dispatchOutrights(LoggingEntityEventHandler.java:46)
	at com.sportradar.sdk.dispatch.lcoo.StatisticsLCooEntityEventHandler.dispatchOutrights(StatisticsLCooEntityEventHandler.java:46)
	at com.sportradar.sdk.dispatch.lcoo.EntityEventHandler.onEvent(EntityEventHandler.java:62)
	at com.sportradar.sdk.dispatch.lcoo.EntityEventHandler.onEvent(EntityEventHandler.java:17)
	at com.sportradar.sdk.shaded.com.lmax.disruptor.BatchEventProcessor.run(BatchEventProcessor.java:133)
	at java.util.concurrent.ThreadPoolExecutor.runWorker(ThreadPoolExecutor.java:1142)
	at java.util.concurrent.ThreadPoolExecutor$Worker.run(ThreadPoolExecutor.java:617)
	at java.lang.Thread.run(Thread.java:745)
2016-04-07 20:33:31,136 [c.s.s.d.l.EntityEventHandler] [bookmaker-sdk-pool-1-thread-3] [WARN] User handler for onOutrightsReceived threw an exception
java.lang.NumberFormatException: null
	at java.lang.Integer.parseInt(Integer.java:542)
	at java.lang.Integer.valueOf(Integer.java:766)
	at kz.nmbet.betradar.dao.domain.types.TeamType.find(TeamType.java:17)
	at kz.nmbet.betradar.dao.service.PrivateOutrightService.create(PrivateOutrightService.java:155)
	at kz.nmbet.betradar.dao.service.PrivateOutrightService.create(PrivateOutrightService.java:82)
	at kz.nmbet.betradar.dao.service.PrivateOutrightService.create(PrivateOutrightService.java:55)
	at kz.nmbet.betradar.dao.service.PrivateOutrightService$$FastClassBySpringCGLIB$$31cd0bd7.invoke(<generated>)
	at org.springframework.cglib.proxy.MethodProxy.invoke(MethodProxy.java:204)
	at org.springframework.aop.framework.CglibAopProxy$CglibMethodInvocation.invokeJoinpoint(CglibAopProxy.java:720)
	at org.springframework.aop.framework.ReflectiveMethodInvocation.proceed(ReflectiveMethodInvocation.java:157)
	at org.springframework.transaction.interceptor.TransactionInterceptor$1.proceedWithInvocation(TransactionInterceptor.java:99)
	at org.springframework.transaction.interceptor.TransactionAspectSupport.invokeWithinTransaction(TransactionAspectSupport.java:281)
	at org.springframework.transaction.interceptor.TransactionInterceptor.invoke(TransactionInterceptor.java:96)
	at org.springframework.aop.framework.ReflectiveMethodInvocation.proceed(ReflectiveMethodInvocation.java:179)
	at org.springframework.aop.framework.CglibAopProxy$DynamicAdvisedInterceptor.intercept(CglibAopProxy.java:655)
	at kz.nmbet.betradar.dao.service.PrivateOutrightService$$EnhancerBySpringCGLIB$$cd2523e7.create(<generated>)
	at kz.nmbet.betradar.api.LcooFeedListenerImpl.onOutrightsReceived(LcooFeedListenerImpl.java:100)
	at com.sportradar.sdk.dispatch.lcoo.EntityEventHandler.dispatchOutrights(EntityEventHandler.java:78)
	at com.sportradar.sdk.dispatch.lcoo.LoggingEntityEventHandler.dispatchOutrights(LoggingEntityEventHandler.java:46)
	at com.sportradar.sdk.dispatch.lcoo.StatisticsLCooEntityEventHandler.dispatchOutrights(StatisticsLCooEntityEventHandler.java:46)
	at com.sportradar.sdk.dispatch.lcoo.EntityEventHandler.onEvent(EntityEventHandler.java:62)
	at com.sportradar.sdk.dispatch.lcoo.EntityEventHandler.onEvent(EntityEventHandler.java:17)
	at com.sportradar.sdk.shaded.com.lmax.disruptor.BatchEventProcessor.run(BatchEventProcessor.java:133)
	at java.util.concurrent.ThreadPoolExecutor.runWorker(ThreadPoolExecutor.java:1142)
	at java.util.concurrent.ThreadPoolExecutor$Worker.run(ThreadPoolExecutor.java:617)
	at java.lang.Thread.run(Thread.java:745)
2016-04-07 20:33:41,479 [c.s.s.d.l.EntityEventHandler] [bookmaker-sdk-pool-1-thread-3] [WARN] User handler for onOutrightsReceived threw an exception
java.lang.NumberFormatException: null
	at java.lang.Integer.parseInt(Integer.java:542)
	at java.lang.Integer.valueOf(Integer.java:766)
	at kz.nmbet.betradar.dao.domain.types.TeamType.find(TeamType.java:17)
	at kz.nmbet.betradar.dao.service.PrivateOutrightService.create(PrivateOutrightService.java:155)
	at kz.nmbet.betradar.dao.service.PrivateOutrightService.create(PrivateOutrightService.java:82)
	at kz.nmbet.betradar.dao.service.PrivateOutrightService.create(PrivateOutrightService.java:55)
	at kz.nmbet.betradar.dao.service.PrivateOutrightService$$FastClassBySpringCGLIB$$31cd0bd7.invoke(<generated>)
	at org.springframework.cglib.proxy.MethodProxy.invoke(MethodProxy.java:204)
	at org.springframework.aop.framework.CglibAopProxy$CglibMethodInvocation.invokeJoinpoint(CglibAopProxy.java:720)
	at org.springframework.aop.framework.ReflectiveMethodInvocation.proceed(ReflectiveMethodInvocation.java:157)
	at org.springframework.transaction.interceptor.TransactionInterceptor$1.proceedWithInvocation(TransactionInterceptor.java:99)
	at org.springframework.transaction.interceptor.TransactionAspectSupport.invokeWithinTransaction(TransactionAspectSupport.java:281)
	at org.springframework.transaction.interceptor.TransactionInterceptor.invoke(TransactionInterceptor.java:96)
	at org.springframework.aop.framework.ReflectiveMethodInvocation.proceed(ReflectiveMethodInvocation.java:179)
	at org.springframework.aop.framework.CglibAopProxy$DynamicAdvisedInterceptor.intercept(CglibAopProxy.java:655)
	at kz.nmbet.betradar.dao.service.PrivateOutrightService$$EnhancerBySpringCGLIB$$cd2523e7.create(<generated>)
	at kz.nmbet.betradar.api.LcooFeedListenerImpl.onOutrightsReceived(LcooFeedListenerImpl.java:100)
	at com.sportradar.sdk.dispatch.lcoo.EntityEventHandler.dispatchOutrights(EntityEventHandler.java:78)
	at com.sportradar.sdk.dispatch.lcoo.LoggingEntityEventHandler.dispatchOutrights(LoggingEntityEventHandler.java:46)
	at com.sportradar.sdk.dispatch.lcoo.StatisticsLCooEntityEventHandler.dispatchOutrights(StatisticsLCooEntityEventHandler.java:46)
	at com.sportradar.sdk.dispatch.lcoo.EntityEventHandler.onEvent(EntityEventHandler.java:62)
	at com.sportradar.sdk.dispatch.lcoo.EntityEventHandler.onEvent(EntityEventHandler.java:17)
	at com.sportradar.sdk.shaded.com.lmax.disruptor.BatchEventProcessor.run(BatchEventProcessor.java:133)
	at java.util.concurrent.ThreadPoolExecutor.runWorker(ThreadPoolExecutor.java:1142)
	at java.util.concurrent.ThreadPoolExecutor$Worker.run(ThreadPoolExecutor.java:617)
	at java.lang.Thread.run(Thread.java:745)
2016-04-07 20:35:33,053 [c.s.s.c.c.SdkVersion] [main] [INFO] SDK starting up, version javasdk-1.5.3.0
2016-04-07 20:36:15,163 [c.s.s.d.l.EntityEventHandler] [bookmaker-sdk-pool-1-thread-3] [WARN] User handler for onOutrightsReceived threw an exception
java.lang.NumberFormatException: null
	at java.lang.Long.parseLong(Long.java:552)
	at java.lang.Long.valueOf(Long.java:803)
	at kz.nmbet.betradar.dao.service.PrivateOutrightService.create(PrivateOutrightService.java:99)
	at kz.nmbet.betradar.dao.service.PrivateOutrightService.create(PrivateOutrightService.java:55)
	at kz.nmbet.betradar.dao.service.PrivateOutrightService$$FastClassBySpringCGLIB$$31cd0bd7.invoke(<generated>)
	at org.springframework.cglib.proxy.MethodProxy.invoke(MethodProxy.java:204)
	at org.springframework.aop.framework.CglibAopProxy$CglibMethodInvocation.invokeJoinpoint(CglibAopProxy.java:720)
	at org.springframework.aop.framework.ReflectiveMethodInvocation.proceed(ReflectiveMethodInvocation.java:157)
	at org.springframework.transaction.interceptor.TransactionInterceptor$1.proceedWithInvocation(TransactionInterceptor.java:99)
	at org.springframework.transaction.interceptor.TransactionAspectSupport.invokeWithinTransaction(TransactionAspectSupport.java:281)
	at org.springframework.transaction.interceptor.TransactionInterceptor.invoke(TransactionInterceptor.java:96)
	at org.springframework.aop.framework.ReflectiveMethodInvocation.proceed(ReflectiveMethodInvocation.java:179)
	at org.springframework.aop.framework.CglibAopProxy$DynamicAdvisedInterceptor.intercept(CglibAopProxy.java:655)
	at kz.nmbet.betradar.dao.service.PrivateOutrightService$$EnhancerBySpringCGLIB$$cd2523e7.create(<generated>)
	at kz.nmbet.betradar.api.LcooFeedListenerImpl.onOutrightsReceived(LcooFeedListenerImpl.java:100)
	at com.sportradar.sdk.dispatch.lcoo.EntityEventHandler.dispatchOutrights(EntityEventHandler.java:78)
	at com.sportradar.sdk.dispatch.lcoo.LoggingEntityEventHandler.dispatchOutrights(LoggingEntityEventHandler.java:46)
	at com.sportradar.sdk.dispatch.lcoo.StatisticsLCooEntityEventHandler.dispatchOutrights(StatisticsLCooEntityEventHandler.java:46)
	at com.sportradar.sdk.dispatch.lcoo.EntityEventHandler.onEvent(EntityEventHandler.java:62)
	at com.sportradar.sdk.dispatch.lcoo.EntityEventHandler.onEvent(EntityEventHandler.java:17)
	at com.sportradar.sdk.shaded.com.lmax.disruptor.BatchEventProcessor.run(BatchEventProcessor.java:133)
	at java.util.concurrent.ThreadPoolExecutor.runWorker(ThreadPoolExecutor.java:1142)
	at java.util.concurrent.ThreadPoolExecutor$Worker.run(ThreadPoolExecutor.java:617)
	at java.lang.Thread.run(Thread.java:745)
2016-04-07 20:36:56,178 [c.s.s.d.l.EntityEventHandler] [bookmaker-sdk-pool-1-thread-3] [WARN] User handler for onOutrightsReceived threw an exception
java.lang.NumberFormatException: null
	at java.lang.Long.parseLong(Long.java:552)
	at java.lang.Long.valueOf(Long.java:803)
	at kz.nmbet.betradar.dao.service.PrivateOutrightService.create(PrivateOutrightService.java:99)
	at kz.nmbet.betradar.dao.service.PrivateOutrightService.create(PrivateOutrightService.java:55)
	at kz.nmbet.betradar.dao.service.PrivateOutrightService$$FastClassBySpringCGLIB$$31cd0bd7.invoke(<generated>)
	at org.springframework.cglib.proxy.MethodProxy.invoke(MethodProxy.java:204)
	at org.springframework.aop.framework.CglibAopProxy$CglibMethodInvocation.invokeJoinpoint(CglibAopProxy.java:720)
	at org.springframework.aop.framework.ReflectiveMethodInvocation.proceed(ReflectiveMethodInvocation.java:157)
	at org.springframework.transaction.interceptor.TransactionInterceptor$1.proceedWithInvocation(TransactionInterceptor.java:99)
	at org.springframework.transaction.interceptor.TransactionAspectSupport.invokeWithinTransaction(TransactionAspectSupport.java:281)
	at org.springframework.transaction.interceptor.TransactionInterceptor.invoke(TransactionInterceptor.java:96)
	at org.springframework.aop.framework.ReflectiveMethodInvocation.proceed(ReflectiveMethodInvocation.java:179)
	at org.springframework.aop.framework.CglibAopProxy$DynamicAdvisedInterceptor.intercept(CglibAopProxy.java:655)
	at kz.nmbet.betradar.dao.service.PrivateOutrightService$$EnhancerBySpringCGLIB$$cd2523e7.create(<generated>)
	at kz.nmbet.betradar.api.LcooFeedListenerImpl.onOutrightsReceived(LcooFeedListenerImpl.java:100)
	at com.sportradar.sdk.dispatch.lcoo.EntityEventHandler.dispatchOutrights(EntityEventHandler.java:78)
	at com.sportradar.sdk.dispatch.lcoo.LoggingEntityEventHandler.dispatchOutrights(LoggingEntityEventHandler.java:46)
	at com.sportradar.sdk.dispatch.lcoo.StatisticsLCooEntityEventHandler.dispatchOutrights(StatisticsLCooEntityEventHandler.java:46)
	at com.sportradar.sdk.dispatch.lcoo.EntityEventHandler.onEvent(EntityEventHandler.java:62)
	at com.sportradar.sdk.dispatch.lcoo.EntityEventHandler.onEvent(EntityEventHandler.java:17)
	at com.sportradar.sdk.shaded.com.lmax.disruptor.BatchEventProcessor.run(BatchEventProcessor.java:133)
	at java.util.concurrent.ThreadPoolExecutor.runWorker(ThreadPoolExecutor.java:1142)
	at java.util.concurrent.ThreadPoolExecutor$Worker.run(ThreadPoolExecutor.java:617)
	at java.lang.Thread.run(Thread.java:745)
2016-04-07 20:37:06,494 [c.s.s.d.l.EntityEventHandler] [bookmaker-sdk-pool-1-thread-3] [WARN] User handler for onOutrightsReceived threw an exception
java.lang.NumberFormatException: null
	at java.lang.Long.parseLong(Long.java:552)
	at java.lang.Long.valueOf(Long.java:803)
	at kz.nmbet.betradar.dao.service.PrivateOutrightService.create(PrivateOutrightService.java:99)
	at kz.nmbet.betradar.dao.service.PrivateOutrightService.create(PrivateOutrightService.java:55)
	at kz.nmbet.betradar.dao.service.PrivateOutrightService$$FastClassBySpringCGLIB$$31cd0bd7.invoke(<generated>)
	at org.springframework.cglib.proxy.MethodProxy.invoke(MethodProxy.java:204)
	at org.springframework.aop.framework.CglibAopProxy$CglibMethodInvocation.invokeJoinpoint(CglibAopProxy.java:720)
	at org.springframework.aop.framework.ReflectiveMethodInvocation.proceed(ReflectiveMethodInvocation.java:157)
	at org.springframework.transaction.interceptor.TransactionInterceptor$1.proceedWithInvocation(TransactionInterceptor.java:99)
	at org.springframework.transaction.interceptor.TransactionAspectSupport.invokeWithinTransaction(TransactionAspectSupport.java:281)
	at org.springframework.transaction.interceptor.TransactionInterceptor.invoke(TransactionInterceptor.java:96)
	at org.springframework.aop.framework.ReflectiveMethodInvocation.proceed(ReflectiveMethodInvocation.java:179)
	at org.springframework.aop.framework.CglibAopProxy$DynamicAdvisedInterceptor.intercept(CglibAopProxy.java:655)
	at kz.nmbet.betradar.dao.service.PrivateOutrightService$$EnhancerBySpringCGLIB$$cd2523e7.create(<generated>)
	at kz.nmbet.betradar.api.LcooFeedListenerImpl.onOutrightsReceived(LcooFeedListenerImpl.java:100)
	at com.sportradar.sdk.dispatch.lcoo.EntityEventHandler.dispatchOutrights(EntityEventHandler.java:78)
	at com.sportradar.sdk.dispatch.lcoo.LoggingEntityEventHandler.dispatchOutrights(LoggingEntityEventHandler.java:46)
	at com.sportradar.sdk.dispatch.lcoo.StatisticsLCooEntityEventHandler.dispatchOutrights(StatisticsLCooEntityEventHandler.java:46)
	at com.sportradar.sdk.dispatch.lcoo.EntityEventHandler.onEvent(EntityEventHandler.java:62)
	at com.sportradar.sdk.dispatch.lcoo.EntityEventHandler.onEvent(EntityEventHandler.java:17)
	at com.sportradar.sdk.shaded.com.lmax.disruptor.BatchEventProcessor.run(BatchEventProcessor.java:133)
	at java.util.concurrent.ThreadPoolExecutor.runWorker(ThreadPoolExecutor.java:1142)
	at java.util.concurrent.ThreadPoolExecutor$Worker.run(ThreadPoolExecutor.java:617)
	at java.lang.Thread.run(Thread.java:745)
2016-04-07 20:37:06,504 [c.s.s.d.l.EntityEventHandler] [bookmaker-sdk-pool-1-thread-3] [WARN] User handler for onOutrightsReceived threw an exception
java.lang.NumberFormatException: null
	at java.lang.Long.parseLong(Long.java:552)
	at java.lang.Long.valueOf(Long.java:803)
	at kz.nmbet.betradar.dao.service.PrivateOutrightService.create(PrivateOutrightService.java:99)
	at kz.nmbet.betradar.dao.service.PrivateOutrightService.create(PrivateOutrightService.java:55)
	at kz.nmbet.betradar.dao.service.PrivateOutrightService$$FastClassBySpringCGLIB$$31cd0bd7.invoke(<generated>)
	at org.springframework.cglib.proxy.MethodProxy.invoke(MethodProxy.java:204)
	at org.springframework.aop.framework.CglibAopProxy$CglibMethodInvocation.invokeJoinpoint(CglibAopProxy.java:720)
	at org.springframework.aop.framework.ReflectiveMethodInvocation.proceed(ReflectiveMethodInvocation.java:157)
	at org.springframework.transaction.interceptor.TransactionInterceptor$1.proceedWithInvocation(TransactionInterceptor.java:99)
	at org.springframework.transaction.interceptor.TransactionAspectSupport.invokeWithinTransaction(TransactionAspectSupport.java:281)
	at org.springframework.transaction.interceptor.TransactionInterceptor.invoke(TransactionInterceptor.java:96)
	at org.springframework.aop.framework.ReflectiveMethodInvocation.proceed(ReflectiveMethodInvocation.java:179)
	at org.springframework.aop.framework.CglibAopProxy$DynamicAdvisedInterceptor.intercept(CglibAopProxy.java:655)
	at kz.nmbet.betradar.dao.service.PrivateOutrightService$$EnhancerBySpringCGLIB$$cd2523e7.create(<generated>)
	at kz.nmbet.betradar.api.LcooFeedListenerImpl.onOutrightsReceived(LcooFeedListenerImpl.java:100)
	at com.sportradar.sdk.dispatch.lcoo.EntityEventHandler.dispatchOutrights(EntityEventHandler.java:78)
	at com.sportradar.sdk.dispatch.lcoo.LoggingEntityEventHandler.dispatchOutrights(LoggingEntityEventHandler.java:46)
	at com.sportradar.sdk.dispatch.lcoo.StatisticsLCooEntityEventHandler.dispatchOutrights(StatisticsLCooEntityEventHandler.java:46)
	at com.sportradar.sdk.dispatch.lcoo.EntityEventHandler.onEvent(EntityEventHandler.java:62)
	at com.sportradar.sdk.dispatch.lcoo.EntityEventHandler.onEvent(EntityEventHandler.java:17)
	at com.sportradar.sdk.shaded.com.lmax.disruptor.BatchEventProcessor.run(BatchEventProcessor.java:133)
	at java.util.concurrent.ThreadPoolExecutor.runWorker(ThreadPoolExecutor.java:1142)
	at java.util.concurrent.ThreadPoolExecutor$Worker.run(ThreadPoolExecutor.java:617)
	at java.lang.Thread.run(Thread.java:745)
2016-04-07 20:37:06,553 [c.s.s.d.l.EntityEventHandler] [bookmaker-sdk-pool-1-thread-3] [WARN] User handler for onOutrightsReceived threw an exception
java.lang.NumberFormatException: null
	at java.lang.Long.parseLong(Long.java:552)
	at java.lang.Long.valueOf(Long.java:803)
	at kz.nmbet.betradar.dao.service.PrivateOutrightService.create(PrivateOutrightService.java:99)
	at kz.nmbet.betradar.dao.service.PrivateOutrightService.create(PrivateOutrightService.java:55)
	at kz.nmbet.betradar.dao.service.PrivateOutrightService$$FastClassBySpringCGLIB$$31cd0bd7.invoke(<generated>)
	at org.springframework.cglib.proxy.MethodProxy.invoke(MethodProxy.java:204)
	at org.springframework.aop.framework.CglibAopProxy$CglibMethodInvocation.invokeJoinpoint(CglibAopProxy.java:720)
	at org.springframework.aop.framework.ReflectiveMethodInvocation.proceed(ReflectiveMethodInvocation.java:157)
	at org.springframework.transaction.interceptor.TransactionInterceptor$1.proceedWithInvocation(TransactionInterceptor.java:99)
	at org.springframework.transaction.interceptor.TransactionAspectSupport.invokeWithinTransaction(TransactionAspectSupport.java:281)
	at org.springframework.transaction.interceptor.TransactionInterceptor.invoke(TransactionInterceptor.java:96)
	at org.springframework.aop.framework.ReflectiveMethodInvocation.proceed(ReflectiveMethodInvocation.java:179)
	at org.springframework.aop.framework.CglibAopProxy$DynamicAdvisedInterceptor.intercept(CglibAopProxy.java:655)
	at kz.nmbet.betradar.dao.service.PrivateOutrightService$$EnhancerBySpringCGLIB$$cd2523e7.create(<generated>)
	at kz.nmbet.betradar.api.LcooFeedListenerImpl.onOutrightsReceived(LcooFeedListenerImpl.java:100)
	at com.sportradar.sdk.dispatch.lcoo.EntityEventHandler.dispatchOutrights(EntityEventHandler.java:78)
	at com.sportradar.sdk.dispatch.lcoo.LoggingEntityEventHandler.dispatchOutrights(LoggingEntityEventHandler.java:46)
	at com.sportradar.sdk.dispatch.lcoo.StatisticsLCooEntityEventHandler.dispatchOutrights(StatisticsLCooEntityEventHandler.java:46)
	at com.sportradar.sdk.dispatch.lcoo.EntityEventHandler.onEvent(EntityEventHandler.java:62)
	at com.sportradar.sdk.dispatch.lcoo.EntityEventHandler.onEvent(EntityEventHandler.java:17)
	at com.sportradar.sdk.shaded.com.lmax.disruptor.BatchEventProcessor.run(BatchEventProcessor.java:133)
	at java.util.concurrent.ThreadPoolExecutor.runWorker(ThreadPoolExecutor.java:1142)
	at java.util.concurrent.ThreadPoolExecutor$Worker.run(ThreadPoolExecutor.java:617)
	at java.lang.Thread.run(Thread.java:745)
2016-04-07 20:37:06,602 [c.s.s.d.l.EntityEventHandler] [bookmaker-sdk-pool-1-thread-3] [WARN] User handler for onOutrightsReceived threw an exception
java.lang.NumberFormatException: null
	at java.lang.Long.parseLong(Long.java:552)
	at java.lang.Long.valueOf(Long.java:803)
	at kz.nmbet.betradar.dao.service.PrivateOutrightService.create(PrivateOutrightService.java:99)
	at kz.nmbet.betradar.dao.service.PrivateOutrightService.create(PrivateOutrightService.java:55)
	at kz.nmbet.betradar.dao.service.PrivateOutrightService$$FastClassBySpringCGLIB$$31cd0bd7.invoke(<generated>)
	at org.springframework.cglib.proxy.MethodProxy.invoke(MethodProxy.java:204)
	at org.springframework.aop.framework.CglibAopProxy$CglibMethodInvocation.invokeJoinpoint(CglibAopProxy.java:720)
	at org.springframework.aop.framework.ReflectiveMethodInvocation.proceed(ReflectiveMethodInvocation.java:157)
	at org.springframework.transaction.interceptor.TransactionInterceptor$1.proceedWithInvocation(TransactionInterceptor.java:99)
	at org.springframework.transaction.interceptor.TransactionAspectSupport.invokeWithinTransaction(TransactionAspectSupport.java:281)
	at org.springframework.transaction.interceptor.TransactionInterceptor.invoke(TransactionInterceptor.java:96)
	at org.springframework.aop.framework.ReflectiveMethodInvocation.proceed(ReflectiveMethodInvocation.java:179)
	at org.springframework.aop.framework.CglibAopProxy$DynamicAdvisedInterceptor.intercept(CglibAopProxy.java:655)
	at kz.nmbet.betradar.dao.service.PrivateOutrightService$$EnhancerBySpringCGLIB$$cd2523e7.create(<generated>)
	at kz.nmbet.betradar.api.LcooFeedListenerImpl.onOutrightsReceived(LcooFeedListenerImpl.java:100)
	at com.sportradar.sdk.dispatch.lcoo.EntityEventHandler.dispatchOutrights(EntityEventHandler.java:78)
	at com.sportradar.sdk.dispatch.lcoo.LoggingEntityEventHandler.dispatchOutrights(LoggingEntityEventHandler.java:46)
	at com.sportradar.sdk.dispatch.lcoo.StatisticsLCooEntityEventHandler.dispatchOutrights(StatisticsLCooEntityEventHandler.java:46)
	at com.sportradar.sdk.dispatch.lcoo.EntityEventHandler.onEvent(EntityEventHandler.java:62)
	at com.sportradar.sdk.dispatch.lcoo.EntityEventHandler.onEvent(EntityEventHandler.java:17)
	at com.sportradar.sdk.shaded.com.lmax.disruptor.BatchEventProcessor.run(BatchEventProcessor.java:133)
	at java.util.concurrent.ThreadPoolExecutor.runWorker(ThreadPoolExecutor.java:1142)
	at java.util.concurrent.ThreadPoolExecutor$Worker.run(ThreadPoolExecutor.java:617)
	at java.lang.Thread.run(Thread.java:745)
2016-04-07 20:37:06,623 [c.s.s.d.l.EntityEventHandler] [bookmaker-sdk-pool-1-thread-3] [WARN] User handler for onOutrightsReceived threw an exception
java.lang.NumberFormatException: null
	at java.lang.Long.parseLong(Long.java:552)
	at java.lang.Long.valueOf(Long.java:803)
	at kz.nmbet.betradar.dao.service.PrivateOutrightService.create(PrivateOutrightService.java:99)
	at kz.nmbet.betradar.dao.service.PrivateOutrightService.create(PrivateOutrightService.java:55)
	at kz.nmbet.betradar.dao.service.PrivateOutrightService$$FastClassBySpringCGLIB$$31cd0bd7.invoke(<generated>)
	at org.springframework.cglib.proxy.MethodProxy.invoke(MethodProxy.java:204)
	at org.springframework.aop.framework.CglibAopProxy$CglibMethodInvocation.invokeJoinpoint(CglibAopProxy.java:720)
	at org.springframework.aop.framework.ReflectiveMethodInvocation.proceed(ReflectiveMethodInvocation.java:157)
	at org.springframework.transaction.interceptor.TransactionInterceptor$1.proceedWithInvocation(TransactionInterceptor.java:99)
	at org.springframework.transaction.interceptor.TransactionAspectSupport.invokeWithinTransaction(TransactionAspectSupport.java:281)
	at org.springframework.transaction.interceptor.TransactionInterceptor.invoke(TransactionInterceptor.java:96)
	at org.springframework.aop.framework.ReflectiveMethodInvocation.proceed(ReflectiveMethodInvocation.java:179)
	at org.springframework.aop.framework.CglibAopProxy$DynamicAdvisedInterceptor.intercept(CglibAopProxy.java:655)
	at kz.nmbet.betradar.dao.service.PrivateOutrightService$$EnhancerBySpringCGLIB$$cd2523e7.create(<generated>)
	at kz.nmbet.betradar.api.LcooFeedListenerImpl.onOutrightsReceived(LcooFeedListenerImpl.java:100)
	at com.sportradar.sdk.dispatch.lcoo.EntityEventHandler.dispatchOutrights(EntityEventHandler.java:78)
	at com.sportradar.sdk.dispatch.lcoo.LoggingEntityEventHandler.dispatchOutrights(LoggingEntityEventHandler.java:46)
	at com.sportradar.sdk.dispatch.lcoo.StatisticsLCooEntityEventHandler.dispatchOutrights(StatisticsLCooEntityEventHandler.java:46)
	at com.sportradar.sdk.dispatch.lcoo.EntityEventHandler.onEvent(EntityEventHandler.java:62)
	at com.sportradar.sdk.dispatch.lcoo.EntityEventHandler.onEvent(EntityEventHandler.java:17)
	at com.sportradar.sdk.shaded.com.lmax.disruptor.BatchEventProcessor.run(BatchEventProcessor.java:133)
	at java.util.concurrent.ThreadPoolExecutor.runWorker(ThreadPoolExecutor.java:1142)
	at java.util.concurrent.ThreadPoolExecutor$Worker.run(ThreadPoolExecutor.java:617)
	at java.lang.Thread.run(Thread.java:745)
2016-04-07 20:37:06,692 [c.s.s.d.l.EntityEventHandler] [bookmaker-sdk-pool-1-thread-3] [WARN] User handler for onOutrightsReceived threw an exception
java.lang.NumberFormatException: null
	at java.lang.Long.parseLong(Long.java:552)
	at java.lang.Long.valueOf(Long.java:803)
	at kz.nmbet.betradar.dao.service.PrivateOutrightService.create(PrivateOutrightService.java:99)
	at kz.nmbet.betradar.dao.service.PrivateOutrightService.create(PrivateOutrightService.java:55)
	at kz.nmbet.betradar.dao.service.PrivateOutrightService$$FastClassBySpringCGLIB$$31cd0bd7.invoke(<generated>)
	at org.springframework.cglib.proxy.MethodProxy.invoke(MethodProxy.java:204)
	at org.springframework.aop.framework.CglibAopProxy$CglibMethodInvocation.invokeJoinpoint(CglibAopProxy.java:720)
	at org.springframework.aop.framework.ReflectiveMethodInvocation.proceed(ReflectiveMethodInvocation.java:157)
	at org.springframework.transaction.interceptor.TransactionInterceptor$1.proceedWithInvocation(TransactionInterceptor.java:99)
	at org.springframework.transaction.interceptor.TransactionAspectSupport.invokeWithinTransaction(TransactionAspectSupport.java:281)
	at org.springframework.transaction.interceptor.TransactionInterceptor.invoke(TransactionInterceptor.java:96)
	at org.springframework.aop.framework.ReflectiveMethodInvocation.proceed(ReflectiveMethodInvocation.java:179)
	at org.springframework.aop.framework.CglibAopProxy$DynamicAdvisedInterceptor.intercept(CglibAopProxy.java:655)
	at kz.nmbet.betradar.dao.service.PrivateOutrightService$$EnhancerBySpringCGLIB$$cd2523e7.create(<generated>)
	at kz.nmbet.betradar.api.LcooFeedListenerImpl.onOutrightsReceived(LcooFeedListenerImpl.java:100)
	at com.sportradar.sdk.dispatch.lcoo.EntityEventHandler.dispatchOutrights(EntityEventHandler.java:78)
	at com.sportradar.sdk.dispatch.lcoo.LoggingEntityEventHandler.dispatchOutrights(LoggingEntityEventHandler.java:46)
	at com.sportradar.sdk.dispatch.lcoo.StatisticsLCooEntityEventHandler.dispatchOutrights(StatisticsLCooEntityEventHandler.java:46)
	at com.sportradar.sdk.dispatch.lcoo.EntityEventHandler.onEvent(EntityEventHandler.java:62)
	at com.sportradar.sdk.dispatch.lcoo.EntityEventHandler.onEvent(EntityEventHandler.java:17)
	at com.sportradar.sdk.shaded.com.lmax.disruptor.BatchEventProcessor.run(BatchEventProcessor.java:133)
	at java.util.concurrent.ThreadPoolExecutor.runWorker(ThreadPoolExecutor.java:1142)
	at java.util.concurrent.ThreadPoolExecutor$Worker.run(ThreadPoolExecutor.java:617)
	at java.lang.Thread.run(Thread.java:745)
2016-04-07 20:37:37,797 [c.s.s.d.l.EntityEventHandler] [bookmaker-sdk-pool-1-thread-3] [WARN] User handler for onOutrightsReceived threw an exception
java.lang.NumberFormatException: null
	at java.lang.Long.parseLong(Long.java:552)
	at java.lang.Long.valueOf(Long.java:803)
	at kz.nmbet.betradar.dao.service.PrivateOutrightService.create(PrivateOutrightService.java:99)
	at kz.nmbet.betradar.dao.service.PrivateOutrightService.create(PrivateOutrightService.java:55)
	at kz.nmbet.betradar.dao.service.PrivateOutrightService$$FastClassBySpringCGLIB$$31cd0bd7.invoke(<generated>)
	at org.springframework.cglib.proxy.MethodProxy.invoke(MethodProxy.java:204)
	at org.springframework.aop.framework.CglibAopProxy$CglibMethodInvocation.invokeJoinpoint(CglibAopProxy.java:720)
	at org.springframework.aop.framework.ReflectiveMethodInvocation.proceed(ReflectiveMethodInvocation.java:157)
	at org.springframework.transaction.interceptor.TransactionInterceptor$1.proceedWithInvocation(TransactionInterceptor.java:99)
	at org.springframework.transaction.interceptor.TransactionAspectSupport.invokeWithinTransaction(TransactionAspectSupport.java:281)
	at org.springframework.transaction.interceptor.TransactionInterceptor.invoke(TransactionInterceptor.java:96)
	at org.springframework.aop.framework.ReflectiveMethodInvocation.proceed(ReflectiveMethodInvocation.java:179)
	at org.springframework.aop.framework.CglibAopProxy$DynamicAdvisedInterceptor.intercept(CglibAopProxy.java:655)
	at kz.nmbet.betradar.dao.service.PrivateOutrightService$$EnhancerBySpringCGLIB$$cd2523e7.create(<generated>)
	at kz.nmbet.betradar.api.LcooFeedListenerImpl.onOutrightsReceived(LcooFeedListenerImpl.java:100)
	at com.sportradar.sdk.dispatch.lcoo.EntityEventHandler.dispatchOutrights(EntityEventHandler.java:78)
	at com.sportradar.sdk.dispatch.lcoo.LoggingEntityEventHandler.dispatchOutrights(LoggingEntityEventHandler.java:46)
	at com.sportradar.sdk.dispatch.lcoo.StatisticsLCooEntityEventHandler.dispatchOutrights(StatisticsLCooEntityEventHandler.java:46)
	at com.sportradar.sdk.dispatch.lcoo.EntityEventHandler.onEvent(EntityEventHandler.java:62)
	at com.sportradar.sdk.dispatch.lcoo.EntityEventHandler.onEvent(EntityEventHandler.java:17)
	at com.sportradar.sdk.shaded.com.lmax.disruptor.BatchEventProcessor.run(BatchEventProcessor.java:133)
	at java.util.concurrent.ThreadPoolExecutor.runWorker(ThreadPoolExecutor.java:1142)
	at java.util.concurrent.ThreadPoolExecutor$Worker.run(ThreadPoolExecutor.java:617)
	at java.lang.Thread.run(Thread.java:745)
2016-04-07 20:38:46,299 [c.s.s.c.c.SdkVersion] [main] [INFO] SDK starting up, version javasdk-1.5.3.0
2016-04-07 20:49:49,536 [c.s.s.c.c.SdkVersion] [main] [INFO] SDK starting up, version javasdk-1.5.3.0
2016-04-07 20:50:21,038 [c.s.s.d.l.EntityEventHandler] [bookmaker-sdk-pool-1-thread-3] [WARN] User handler for onOutrightsReceived threw an exception
org.springframework.dao.IncorrectResultSizeDataAccessException: result returns more than one elements; nested exception is javax.persistence.NonUniqueResultException: result returns more than one elements
	at org.springframework.orm.jpa.EntityManagerFactoryUtils.convertJpaAccessExceptionIfPossible(EntityManagerFactoryUtils.java:395)
	at org.springframework.orm.jpa.vendor.HibernateJpaDialect.translateExceptionIfPossible(HibernateJpaDialect.java:227)
	at org.springframework.orm.jpa.AbstractEntityManagerFactoryBean.translateExceptionIfPossible(AbstractEntityManagerFactoryBean.java:436)
	at org.springframework.dao.support.ChainedPersistenceExceptionTranslator.translateExceptionIfPossible(ChainedPersistenceExceptionTranslator.java:59)
	at org.springframework.dao.support.DataAccessUtils.translateIfNecessary(DataAccessUtils.java:213)
	at org.springframework.dao.support.PersistenceExceptionTranslationInterceptor.invoke(PersistenceExceptionTranslationInterceptor.java:147)
	at org.springframework.aop.framework.ReflectiveMethodInvocation.proceed(ReflectiveMethodInvocation.java:179)
	at org.springframework.data.jpa.repository.support.CrudMethodMetadataPostProcessor$CrudMethodMetadataPopulatingMethodInterceptor.invoke(CrudMethodMetadataPostProcessor.java:131)
	at org.springframework.aop.framework.ReflectiveMethodInvocation.proceed(ReflectiveMethodInvocation.java:179)
	at org.springframework.aop.interceptor.ExposeInvocationInterceptor.invoke(ExposeInvocationInterceptor.java:92)
	at org.springframework.aop.framework.ReflectiveMethodInvocation.proceed(ReflectiveMethodInvocation.java:179)
	at org.springframework.aop.framework.JdkDynamicAopProxy.invoke(JdkDynamicAopProxy.java:208)
	at com.sun.proxy.$Proxy110.findBySuperTeamId(Unknown Source)
	at kz.nmbet.betradar.dao.service.TeamService.find(TeamService.java:65)
	at kz.nmbet.betradar.dao.service.TeamService$$FastClassBySpringCGLIB$$9b74a6e5.invoke(<generated>)
	at org.springframework.cglib.proxy.MethodProxy.invoke(MethodProxy.java:204)
	at org.springframework.aop.framework.CglibAopProxy$CglibMethodInvocation.invokeJoinpoint(CglibAopProxy.java:720)
	at org.springframework.aop.framework.ReflectiveMethodInvocation.proceed(ReflectiveMethodInvocation.java:157)
	at org.springframework.transaction.interceptor.TransactionInterceptor$1.proceedWithInvocation(TransactionInterceptor.java:99)
	at org.springframework.transaction.interceptor.TransactionAspectSupport.invokeWithinTransaction(TransactionAspectSupport.java:281)
	at org.springframework.transaction.interceptor.TransactionInterceptor.invoke(TransactionInterceptor.java:96)
	at org.springframework.aop.framework.ReflectiveMethodInvocation.proceed(ReflectiveMethodInvocation.java:179)
	at org.springframework.aop.framework.CglibAopProxy$DynamicAdvisedInterceptor.intercept(CglibAopProxy.java:655)
	at kz.nmbet.betradar.dao.service.TeamService$$EnhancerBySpringCGLIB$$a6d3b5ca.find(<generated>)
	at kz.nmbet.betradar.dao.service.PrivateOutrightService.create(PrivateOutrightService.java:155)
	at kz.nmbet.betradar.dao.service.PrivateOutrightService.create(PrivateOutrightService.java:82)
	at kz.nmbet.betradar.dao.service.PrivateOutrightService.create(PrivateOutrightService.java:55)
	at kz.nmbet.betradar.dao.service.PrivateOutrightService$$FastClassBySpringCGLIB$$31cd0bd7.invoke(<generated>)
	at org.springframework.cglib.proxy.MethodProxy.invoke(MethodProxy.java:204)
	at org.springframework.aop.framework.CglibAopProxy$CglibMethodInvocation.invokeJoinpoint(CglibAopProxy.java:720)
	at org.springframework.aop.framework.ReflectiveMethodInvocation.proceed(ReflectiveMethodInvocation.java:157)
	at org.springframework.transaction.interceptor.TransactionInterceptor$1.proceedWithInvocation(TransactionInterceptor.java:99)
	at org.springframework.transaction.interceptor.TransactionAspectSupport.invokeWithinTransaction(TransactionAspectSupport.java:281)
	at org.springframework.transaction.interceptor.TransactionInterceptor.invoke(TransactionInterceptor.java:96)
	at org.springframework.aop.framework.ReflectiveMethodInvocation.proceed(ReflectiveMethodInvocation.java:179)
	at org.springframework.aop.framework.CglibAopProxy$DynamicAdvisedInterceptor.intercept(CglibAopProxy.java:655)
	at kz.nmbet.betradar.dao.service.PrivateOutrightService$$EnhancerBySpringCGLIB$$fddfbe7c.create(<generated>)
	at kz.nmbet.betradar.api.LcooFeedListenerImpl.onOutrightsReceived(LcooFeedListenerImpl.java:100)
	at com.sportradar.sdk.dispatch.lcoo.EntityEventHandler.dispatchOutrights(EntityEventHandler.java:78)
	at com.sportradar.sdk.dispatch.lcoo.LoggingEntityEventHandler.dispatchOutrights(LoggingEntityEventHandler.java:46)
	at com.sportradar.sdk.dispatch.lcoo.StatisticsLCooEntityEventHandler.dispatchOutrights(StatisticsLCooEntityEventHandler.java:46)
	at com.sportradar.sdk.dispatch.lcoo.EntityEventHandler.onEvent(EntityEventHandler.java:62)
	at com.sportradar.sdk.dispatch.lcoo.EntityEventHandler.onEvent(EntityEventHandler.java:17)
	at com.sportradar.sdk.shaded.com.lmax.disruptor.BatchEventProcessor.run(BatchEventProcessor.java:133)
	at java.util.concurrent.ThreadPoolExecutor.runWorker(ThreadPoolExecutor.java:1142)
	at java.util.concurrent.ThreadPoolExecutor$Worker.run(ThreadPoolExecutor.java:617)
	at java.lang.Thread.run(Thread.java:745)
Caused by: javax.persistence.NonUniqueResultException: result returns more than one elements
	at org.hibernate.jpa.internal.QueryImpl.getSingleResult(QueryImpl.java:505)
	at org.hibernate.jpa.criteria.compile.CriteriaQueryTypeQueryAdapter.getSingleResult(CriteriaQueryTypeQueryAdapter.java:71)
	at org.springframework.data.jpa.repository.query.JpaQueryExecution$SingleEntityExecution.doExecute(JpaQueryExecution.java:206)
	at org.springframework.data.jpa.repository.query.JpaQueryExecution.execute(JpaQueryExecution.java:78)
	at org.springframework.data.jpa.repository.query.AbstractJpaQuery.doExecute(AbstractJpaQuery.java:100)
	at org.springframework.data.jpa.repository.query.AbstractJpaQuery.execute(AbstractJpaQuery.java:91)
	at org.springframework.data.repository.core.support.RepositoryFactorySupport$QueryExecutorMethodInterceptor.doInvoke(RepositoryFactorySupport.java:462)
	at org.springframework.data.repository.core.support.RepositoryFactorySupport$QueryExecutorMethodInterceptor.invoke(RepositoryFactorySupport.java:440)
	at org.springframework.aop.framework.ReflectiveMethodInvocation.proceed(ReflectiveMethodInvocation.java:179)
	at org.springframework.data.projection.DefaultMethodInvokingMethodInterceptor.invoke(DefaultMethodInvokingMethodInterceptor.java:61)
	at org.springframework.aop.framework.ReflectiveMethodInvocation.proceed(ReflectiveMethodInvocation.java:179)
	at org.springframework.transaction.interceptor.TransactionInterceptor$1.proceedWithInvocation(TransactionInterceptor.java:99)
	at org.springframework.transaction.interceptor.TransactionAspectSupport.invokeWithinTransaction(TransactionAspectSupport.java:281)
	at org.springframework.transaction.interceptor.TransactionInterceptor.invoke(TransactionInterceptor.java:96)
	at org.springframework.aop.framework.ReflectiveMethodInvocation.proceed(ReflectiveMethodInvocation.java:179)
	at org.springframework.dao.support.PersistenceExceptionTranslationInterceptor.invoke(PersistenceExceptionTranslationInterceptor.java:136)
	... 41 common frames omitted
2016-04-07 20:50:31,253 [c.s.s.d.l.EntityEventHandler] [bookmaker-sdk-pool-1-thread-3] [WARN] User handler for onMatchReceived threw an exception
org.springframework.dao.IncorrectResultSizeDataAccessException: result returns more than one elements; nested exception is javax.persistence.NonUniqueResultException: result returns more than one elements
	at org.springframework.orm.jpa.EntityManagerFactoryUtils.convertJpaAccessExceptionIfPossible(EntityManagerFactoryUtils.java:395)
	at org.springframework.orm.jpa.vendor.HibernateJpaDialect.translateExceptionIfPossible(HibernateJpaDialect.java:227)
	at org.springframework.orm.jpa.AbstractEntityManagerFactoryBean.translateExceptionIfPossible(AbstractEntityManagerFactoryBean.java:436)
	at org.springframework.dao.support.ChainedPersistenceExceptionTranslator.translateExceptionIfPossible(ChainedPersistenceExceptionTranslator.java:59)
	at org.springframework.dao.support.DataAccessUtils.translateIfNecessary(DataAccessUtils.java:213)
	at org.springframework.dao.support.PersistenceExceptionTranslationInterceptor.invoke(PersistenceExceptionTranslationInterceptor.java:147)
	at org.springframework.aop.framework.ReflectiveMethodInvocation.proceed(ReflectiveMethodInvocation.java:179)
	at org.springframework.data.jpa.repository.support.CrudMethodMetadataPostProcessor$CrudMethodMetadataPopulatingMethodInterceptor.invoke(CrudMethodMetadataPostProcessor.java:131)
	at org.springframework.aop.framework.ReflectiveMethodInvocation.proceed(ReflectiveMethodInvocation.java:179)
	at org.springframework.aop.interceptor.ExposeInvocationInterceptor.invoke(ExposeInvocationInterceptor.java:92)
	at org.springframework.aop.framework.ReflectiveMethodInvocation.proceed(ReflectiveMethodInvocation.java:179)
	at org.springframework.aop.framework.JdkDynamicAopProxy.invoke(JdkDynamicAopProxy.java:208)
	at com.sun.proxy.$Proxy110.findBySuperTeamId(Unknown Source)
	at kz.nmbet.betradar.dao.service.TeamService.find(TeamService.java:65)
	at kz.nmbet.betradar.dao.service.TeamService$$FastClassBySpringCGLIB$$9b74a6e5.invoke(<generated>)
	at org.springframework.cglib.proxy.MethodProxy.invoke(MethodProxy.java:204)
	at org.springframework.aop.framework.CglibAopProxy$CglibMethodInvocation.invokeJoinpoint(CglibAopProxy.java:720)
	at org.springframework.aop.framework.ReflectiveMethodInvocation.proceed(ReflectiveMethodInvocation.java:157)
	at org.springframework.transaction.interceptor.TransactionInterceptor$1.proceedWithInvocation(TransactionInterceptor.java:99)
	at org.springframework.transaction.interceptor.TransactionAspectSupport.invokeWithinTransaction(TransactionAspectSupport.java:281)
	at org.springframework.transaction.interceptor.TransactionInterceptor.invoke(TransactionInterceptor.java:96)
	at org.springframework.aop.framework.ReflectiveMethodInvocation.proceed(ReflectiveMethodInvocation.java:179)
	at org.springframework.aop.framework.CglibAopProxy$DynamicAdvisedInterceptor.intercept(CglibAopProxy.java:655)
	at kz.nmbet.betradar.dao.service.TeamService$$EnhancerBySpringCGLIB$$a6d3b5ca.find(<generated>)
	at kz.nmbet.betradar.dao.service.PrivateMatchService.create(PrivateMatchService.java:106)
	at kz.nmbet.betradar.dao.service.PrivateMatchService.create(PrivateMatchService.java:67)
	at kz.nmbet.betradar.dao.service.PrivateMatchService$$FastClassBySpringCGLIB$$64e11aa0.invoke(<generated>)
	at org.springframework.cglib.proxy.MethodProxy.invoke(MethodProxy.java:204)
	at org.springframework.aop.framework.CglibAopProxy$CglibMethodInvocation.invokeJoinpoint(CglibAopProxy.java:720)
	at org.springframework.aop.framework.ReflectiveMethodInvocation.proceed(ReflectiveMethodInvocation.java:157)
	at org.springframework.transaction.interceptor.TransactionInterceptor$1.proceedWithInvocation(TransactionInterceptor.java:99)
	at org.springframework.transaction.interceptor.TransactionAspectSupport.invokeWithinTransaction(TransactionAspectSupport.java:281)
	at org.springframework.transaction.interceptor.TransactionInterceptor.invoke(TransactionInterceptor.java:96)
	at org.springframework.aop.framework.ReflectiveMethodInvocation.proceed(ReflectiveMethodInvocation.java:179)
	at org.springframework.aop.framework.CglibAopProxy$DynamicAdvisedInterceptor.intercept(CglibAopProxy.java:655)
	at kz.nmbet.betradar.dao.service.PrivateMatchService$$EnhancerBySpringCGLIB$$2ed6e525.create(<generated>)
	at kz.nmbet.betradar.api.LcooFeedListenerImpl.onMatchReceived(LcooFeedListenerImpl.java:53)
	at com.sportradar.sdk.dispatch.lcoo.EntityEventHandler.dispatchMatchEntity(EntityEventHandler.java:91)
	at com.sportradar.sdk.dispatch.lcoo.LoggingEntityEventHandler.dispatchMatchEntity(LoggingEntityEventHandler.java:75)
	at com.sportradar.sdk.dispatch.lcoo.StatisticsLCooEntityEventHandler.dispatchMatchEntity(StatisticsLCooEntityEventHandler.java:57)
	at com.sportradar.sdk.dispatch.lcoo.EntityEventHandler.onEvent(EntityEventHandler.java:64)
	at com.sportradar.sdk.dispatch.lcoo.EntityEventHandler.onEvent(EntityEventHandler.java:17)
	at com.sportradar.sdk.shaded.com.lmax.disruptor.BatchEventProcessor.run(BatchEventProcessor.java:133)
	at java.util.concurrent.ThreadPoolExecutor.runWorker(ThreadPoolExecutor.java:1142)
	at java.util.concurrent.ThreadPoolExecutor$Worker.run(ThreadPoolExecutor.java:617)
	at java.lang.Thread.run(Thread.java:745)
Caused by: javax.persistence.NonUniqueResultException: result returns more than one elements
	at org.hibernate.jpa.internal.QueryImpl.getSingleResult(QueryImpl.java:505)
	at org.hibernate.jpa.criteria.compile.CriteriaQueryTypeQueryAdapter.getSingleResult(CriteriaQueryTypeQueryAdapter.java:71)
	at org.springframework.data.jpa.repository.query.JpaQueryExecution$SingleEntityExecution.doExecute(JpaQueryExecution.java:206)
	at org.springframework.data.jpa.repository.query.JpaQueryExecution.execute(JpaQueryExecution.java:78)
	at org.springframework.data.jpa.repository.query.AbstractJpaQuery.doExecute(AbstractJpaQuery.java:100)
	at org.springframework.data.jpa.repository.query.AbstractJpaQuery.execute(AbstractJpaQuery.java:91)
	at org.springframework.data.repository.core.support.RepositoryFactorySupport$QueryExecutorMethodInterceptor.doInvoke(RepositoryFactorySupport.java:462)
	at org.springframework.data.repository.core.support.RepositoryFactorySupport$QueryExecutorMethodInterceptor.invoke(RepositoryFactorySupport.java:440)
	at org.springframework.aop.framework.ReflectiveMethodInvocation.proceed(ReflectiveMethodInvocation.java:179)
	at org.springframework.data.projection.DefaultMethodInvokingMethodInterceptor.invoke(DefaultMethodInvokingMethodInterceptor.java:61)
	at org.springframework.aop.framework.ReflectiveMethodInvocation.proceed(ReflectiveMethodInvocation.java:179)
	at org.springframework.transaction.interceptor.TransactionInterceptor$1.proceedWithInvocation(TransactionInterceptor.java:99)
	at org.springframework.transaction.interceptor.TransactionAspectSupport.invokeWithinTransaction(TransactionAspectSupport.java:281)
	at org.springframework.transaction.interceptor.TransactionInterceptor.invoke(TransactionInterceptor.java:96)
	at org.springframework.aop.framework.ReflectiveMethodInvocation.proceed(ReflectiveMethodInvocation.java:179)
	at org.springframework.dao.support.PersistenceExceptionTranslationInterceptor.invoke(PersistenceExceptionTranslationInterceptor.java:136)
	... 40 common frames omitted
2016-04-07 20:50:31,263 [c.s.s.d.l.EntityEventHandler] [bookmaker-sdk-pool-1-thread-3] [WARN] User handler for onMatchReceived threw an exception
org.springframework.dao.IncorrectResultSizeDataAccessException: result returns more than one elements; nested exception is javax.persistence.NonUniqueResultException: result returns more than one elements
	at org.springframework.orm.jpa.EntityManagerFactoryUtils.convertJpaAccessExceptionIfPossible(EntityManagerFactoryUtils.java:395)
	at org.springframework.orm.jpa.vendor.HibernateJpaDialect.translateExceptionIfPossible(HibernateJpaDialect.java:227)
	at org.springframework.orm.jpa.AbstractEntityManagerFactoryBean.translateExceptionIfPossible(AbstractEntityManagerFactoryBean.java:436)
	at org.springframework.dao.support.ChainedPersistenceExceptionTranslator.translateExceptionIfPossible(ChainedPersistenceExceptionTranslator.java:59)
	at org.springframework.dao.support.DataAccessUtils.translateIfNecessary(DataAccessUtils.java:213)
	at org.springframework.dao.support.PersistenceExceptionTranslationInterceptor.invoke(PersistenceExceptionTranslationInterceptor.java:147)
	at org.springframework.aop.framework.ReflectiveMethodInvocation.proceed(ReflectiveMethodInvocation.java:179)
	at org.springframework.data.jpa.repository.support.CrudMethodMetadataPostProcessor$CrudMethodMetadataPopulatingMethodInterceptor.invoke(CrudMethodMetadataPostProcessor.java:131)
	at org.springframework.aop.framework.ReflectiveMethodInvocation.proceed(ReflectiveMethodInvocation.java:179)
	at org.springframework.aop.interceptor.ExposeInvocationInterceptor.invoke(ExposeInvocationInterceptor.java:92)
	at org.springframework.aop.framework.ReflectiveMethodInvocation.proceed(ReflectiveMethodInvocation.java:179)
	at org.springframework.aop.framework.JdkDynamicAopProxy.invoke(JdkDynamicAopProxy.java:208)
	at com.sun.proxy.$Proxy110.findBySuperTeamId(Unknown Source)
	at kz.nmbet.betradar.dao.service.TeamService.find(TeamService.java:65)
	at kz.nmbet.betradar.dao.service.TeamService$$FastClassBySpringCGLIB$$9b74a6e5.invoke(<generated>)
	at org.springframework.cglib.proxy.MethodProxy.invoke(MethodProxy.java:204)
	at org.springframework.aop.framework.CglibAopProxy$CglibMethodInvocation.invokeJoinpoint(CglibAopProxy.java:720)
	at org.springframework.aop.framework.ReflectiveMethodInvocation.proceed(ReflectiveMethodInvocation.java:157)
	at org.springframework.transaction.interceptor.TransactionInterceptor$1.proceedWithInvocation(TransactionInterceptor.java:99)
	at org.springframework.transaction.interceptor.TransactionAspectSupport.invokeWithinTransaction(TransactionAspectSupport.java:281)
	at org.springframework.transaction.interceptor.TransactionInterceptor.invoke(TransactionInterceptor.java:96)
	at org.springframework.aop.framework.ReflectiveMethodInvocation.proceed(ReflectiveMethodInvocation.java:179)
	at org.springframework.aop.framework.CglibAopProxy$DynamicAdvisedInterceptor.intercept(CglibAopProxy.java:655)
	at kz.nmbet.betradar.dao.service.TeamService$$EnhancerBySpringCGLIB$$a6d3b5ca.find(<generated>)
	at kz.nmbet.betradar.dao.service.PrivateMatchService.create(PrivateMatchService.java:106)
	at kz.nmbet.betradar.dao.service.PrivateMatchService.create(PrivateMatchService.java:67)
	at kz.nmbet.betradar.dao.service.PrivateMatchService$$FastClassBySpringCGLIB$$64e11aa0.invoke(<generated>)
	at org.springframework.cglib.proxy.MethodProxy.invoke(MethodProxy.java:204)
	at org.springframework.aop.framework.CglibAopProxy$CglibMethodInvocation.invokeJoinpoint(CglibAopProxy.java:720)
	at org.springframework.aop.framework.ReflectiveMethodInvocation.proceed(ReflectiveMethodInvocation.java:157)
	at org.springframework.transaction.interceptor.TransactionInterceptor$1.proceedWithInvocation(TransactionInterceptor.java:99)
	at org.springframework.transaction.interceptor.TransactionAspectSupport.invokeWithinTransaction(TransactionAspectSupport.java:281)
	at org.springframework.transaction.interceptor.TransactionInterceptor.invoke(TransactionInterceptor.java:96)
	at org.springframework.aop.framework.ReflectiveMethodInvocation.proceed(ReflectiveMethodInvocation.java:179)
	at org.springframework.aop.framework.CglibAopProxy$DynamicAdvisedInterceptor.intercept(CglibAopProxy.java:655)
	at kz.nmbet.betradar.dao.service.PrivateMatchService$$EnhancerBySpringCGLIB$$2ed6e525.create(<generated>)
	at kz.nmbet.betradar.api.LcooFeedListenerImpl.onMatchReceived(LcooFeedListenerImpl.java:53)
	at com.sportradar.sdk.dispatch.lcoo.EntityEventHandler.dispatchMatchEntity(EntityEventHandler.java:91)
	at com.sportradar.sdk.dispatch.lcoo.LoggingEntityEventHandler.dispatchMatchEntity(LoggingEntityEventHandler.java:75)
	at com.sportradar.sdk.dispatch.lcoo.StatisticsLCooEntityEventHandler.dispatchMatchEntity(StatisticsLCooEntityEventHandler.java:57)
	at com.sportradar.sdk.dispatch.lcoo.EntityEventHandler.onEvent(EntityEventHandler.java:64)
	at com.sportradar.sdk.dispatch.lcoo.EntityEventHandler.onEvent(EntityEventHandler.java:17)
	at com.sportradar.sdk.shaded.com.lmax.disruptor.BatchEventProcessor.run(BatchEventProcessor.java:133)
	at java.util.concurrent.ThreadPoolExecutor.runWorker(ThreadPoolExecutor.java:1142)
	at java.util.concurrent.ThreadPoolExecutor$Worker.run(ThreadPoolExecutor.java:617)
	at java.lang.Thread.run(Thread.java:745)
Caused by: javax.persistence.NonUniqueResultException: result returns more than one elements
	at org.hibernate.jpa.internal.QueryImpl.getSingleResult(QueryImpl.java:505)
	at org.hibernate.jpa.criteria.compile.CriteriaQueryTypeQueryAdapter.getSingleResult(CriteriaQueryTypeQueryAdapter.java:71)
	at org.springframework.data.jpa.repository.query.JpaQueryExecution$SingleEntityExecution.doExecute(JpaQueryExecution.java:206)
	at org.springframework.data.jpa.repository.query.JpaQueryExecution.execute(JpaQueryExecution.java:78)
	at org.springframework.data.jpa.repository.query.AbstractJpaQuery.doExecute(AbstractJpaQuery.java:100)
	at org.springframework.data.jpa.repository.query.AbstractJpaQuery.execute(AbstractJpaQuery.java:91)
	at org.springframework.data.repository.core.support.RepositoryFactorySupport$QueryExecutorMethodInterceptor.doInvoke(RepositoryFactorySupport.java:462)
	at org.springframework.data.repository.core.support.RepositoryFactorySupport$QueryExecutorMethodInterceptor.invoke(RepositoryFactorySupport.java:440)
	at org.springframework.aop.framework.ReflectiveMethodInvocation.proceed(ReflectiveMethodInvocation.java:179)
	at org.springframework.data.projection.DefaultMethodInvokingMethodInterceptor.invoke(DefaultMethodInvokingMethodInterceptor.java:61)
	at org.springframework.aop.framework.ReflectiveMethodInvocation.proceed(ReflectiveMethodInvocation.java:179)
	at org.springframework.transaction.interceptor.TransactionInterceptor$1.proceedWithInvocation(TransactionInterceptor.java:99)
	at org.springframework.transaction.interceptor.TransactionAspectSupport.invokeWithinTransaction(TransactionAspectSupport.java:281)
	at org.springframework.transaction.interceptor.TransactionInterceptor.invoke(TransactionInterceptor.java:96)
	at org.springframework.aop.framework.ReflectiveMethodInvocation.proceed(ReflectiveMethodInvocation.java:179)
	at org.springframework.dao.support.PersistenceExceptionTranslationInterceptor.invoke(PersistenceExceptionTranslationInterceptor.java:136)
	... 40 common frames omitted
2016-04-07 20:50:41,494 [c.s.s.d.l.EntityEventHandler] [bookmaker-sdk-pool-1-thread-3] [WARN] User handler for onMatchReceived threw an exception
org.springframework.dao.IncorrectResultSizeDataAccessException: result returns more than one elements; nested exception is javax.persistence.NonUniqueResultException: result returns more than one elements
	at org.springframework.orm.jpa.EntityManagerFactoryUtils.convertJpaAccessExceptionIfPossible(EntityManagerFactoryUtils.java:395)
	at org.springframework.orm.jpa.vendor.HibernateJpaDialect.translateExceptionIfPossible(HibernateJpaDialect.java:227)
	at org.springframework.orm.jpa.AbstractEntityManagerFactoryBean.translateExceptionIfPossible(AbstractEntityManagerFactoryBean.java:436)
	at org.springframework.dao.support.ChainedPersistenceExceptionTranslator.translateExceptionIfPossible(ChainedPersistenceExceptionTranslator.java:59)
	at org.springframework.dao.support.DataAccessUtils.translateIfNecessary(DataAccessUtils.java:213)
	at org.springframework.dao.support.PersistenceExceptionTranslationInterceptor.invoke(PersistenceExceptionTranslationInterceptor.java:147)
	at org.springframework.aop.framework.ReflectiveMethodInvocation.proceed(ReflectiveMethodInvocation.java:179)
	at org.springframework.data.jpa.repository.support.CrudMethodMetadataPostProcessor$CrudMethodMetadataPopulatingMethodInterceptor.invoke(CrudMethodMetadataPostProcessor.java:131)
	at org.springframework.aop.framework.ReflectiveMethodInvocation.proceed(ReflectiveMethodInvocation.java:179)
	at org.springframework.aop.interceptor.ExposeInvocationInterceptor.invoke(ExposeInvocationInterceptor.java:92)
	at org.springframework.aop.framework.ReflectiveMethodInvocation.proceed(ReflectiveMethodInvocation.java:179)
	at org.springframework.aop.framework.JdkDynamicAopProxy.invoke(JdkDynamicAopProxy.java:208)
	at com.sun.proxy.$Proxy110.findBySuperTeamId(Unknown Source)
	at kz.nmbet.betradar.dao.service.TeamService.find(TeamService.java:65)
	at kz.nmbet.betradar.dao.service.TeamService$$FastClassBySpringCGLIB$$9b74a6e5.invoke(<generated>)
	at org.springframework.cglib.proxy.MethodProxy.invoke(MethodProxy.java:204)
	at org.springframework.aop.framework.CglibAopProxy$CglibMethodInvocation.invokeJoinpoint(CglibAopProxy.java:720)
	at org.springframework.aop.framework.ReflectiveMethodInvocation.proceed(ReflectiveMethodInvocation.java:157)
	at org.springframework.transaction.interceptor.TransactionInterceptor$1.proceedWithInvocation(TransactionInterceptor.java:99)
	at org.springframework.transaction.interceptor.TransactionAspectSupport.invokeWithinTransaction(TransactionAspectSupport.java:281)
	at org.springframework.transaction.interceptor.TransactionInterceptor.invoke(TransactionInterceptor.java:96)
	at org.springframework.aop.framework.ReflectiveMethodInvocation.proceed(ReflectiveMethodInvocation.java:179)
	at org.springframework.aop.framework.CglibAopProxy$DynamicAdvisedInterceptor.intercept(CglibAopProxy.java:655)
	at kz.nmbet.betradar.dao.service.TeamService$$EnhancerBySpringCGLIB$$a6d3b5ca.find(<generated>)
	at kz.nmbet.betradar.dao.service.PrivateMatchService.create(PrivateMatchService.java:106)
	at kz.nmbet.betradar.dao.service.PrivateMatchService.create(PrivateMatchService.java:67)
	at kz.nmbet.betradar.dao.service.PrivateMatchService$$FastClassBySpringCGLIB$$64e11aa0.invoke(<generated>)
	at org.springframework.cglib.proxy.MethodProxy.invoke(MethodProxy.java:204)
	at org.springframework.aop.framework.CglibAopProxy$CglibMethodInvocation.invokeJoinpoint(CglibAopProxy.java:720)
	at org.springframework.aop.framework.ReflectiveMethodInvocation.proceed(ReflectiveMethodInvocation.java:157)
	at org.springframework.transaction.interceptor.TransactionInterceptor$1.proceedWithInvocation(TransactionInterceptor.java:99)
	at org.springframework.transaction.interceptor.TransactionAspectSupport.invokeWithinTransaction(TransactionAspectSupport.java:281)
	at org.springframework.transaction.interceptor.TransactionInterceptor.invoke(TransactionInterceptor.java:96)
	at org.springframework.aop.framework.ReflectiveMethodInvocation.proceed(ReflectiveMethodInvocation.java:179)
	at org.springframework.aop.framework.CglibAopProxy$DynamicAdvisedInterceptor.intercept(CglibAopProxy.java:655)
	at kz.nmbet.betradar.dao.service.PrivateMatchService$$EnhancerBySpringCGLIB$$2ed6e525.create(<generated>)
	at kz.nmbet.betradar.api.LcooFeedListenerImpl.onMatchReceived(LcooFeedListenerImpl.java:53)
	at com.sportradar.sdk.dispatch.lcoo.EntityEventHandler.dispatchMatchEntity(EntityEventHandler.java:91)
	at com.sportradar.sdk.dispatch.lcoo.LoggingEntityEventHandler.dispatchMatchEntity(LoggingEntityEventHandler.java:75)
	at com.sportradar.sdk.dispatch.lcoo.StatisticsLCooEntityEventHandler.dispatchMatchEntity(StatisticsLCooEntityEventHandler.java:57)
	at com.sportradar.sdk.dispatch.lcoo.EntityEventHandler.onEvent(EntityEventHandler.java:64)
	at com.sportradar.sdk.dispatch.lcoo.EntityEventHandler.onEvent(EntityEventHandler.java:17)
	at com.sportradar.sdk.shaded.com.lmax.disruptor.BatchEventProcessor.run(BatchEventProcessor.java:133)
	at java.util.concurrent.ThreadPoolExecutor.runWorker(ThreadPoolExecutor.java:1142)
	at java.util.concurrent.ThreadPoolExecutor$Worker.run(ThreadPoolExecutor.java:617)
	at java.lang.Thread.run(Thread.java:745)
Caused by: javax.persistence.NonUniqueResultException: result returns more than one elements
	at org.hibernate.jpa.internal.QueryImpl.getSingleResult(QueryImpl.java:505)
	at org.hibernate.jpa.criteria.compile.CriteriaQueryTypeQueryAdapter.getSingleResult(CriteriaQueryTypeQueryAdapter.java:71)
	at org.springframework.data.jpa.repository.query.JpaQueryExecution$SingleEntityExecution.doExecute(JpaQueryExecution.java:206)
	at org.springframework.data.jpa.repository.query.JpaQueryExecution.execute(JpaQueryExecution.java:78)
	at org.springframework.data.jpa.repository.query.AbstractJpaQuery.doExecute(AbstractJpaQuery.java:100)
	at org.springframework.data.jpa.repository.query.AbstractJpaQuery.execute(AbstractJpaQuery.java:91)
	at org.springframework.data.repository.core.support.RepositoryFactorySupport$QueryExecutorMethodInterceptor.doInvoke(RepositoryFactorySupport.java:462)
	at org.springframework.data.repository.core.support.RepositoryFactorySupport$QueryExecutorMethodInterceptor.invoke(RepositoryFactorySupport.java:440)
	at org.springframework.aop.framework.ReflectiveMethodInvocation.proceed(ReflectiveMethodInvocation.java:179)
	at org.springframework.data.projection.DefaultMethodInvokingMethodInterceptor.invoke(DefaultMethodInvokingMethodInterceptor.java:61)
	at org.springframework.aop.framework.ReflectiveMethodInvocation.proceed(ReflectiveMethodInvocation.java:179)
	at org.springframework.transaction.interceptor.TransactionInterceptor$1.proceedWithInvocation(TransactionInterceptor.java:99)
	at org.springframework.transaction.interceptor.TransactionAspectSupport.invokeWithinTransaction(TransactionAspectSupport.java:281)
	at org.springframework.transaction.interceptor.TransactionInterceptor.invoke(TransactionInterceptor.java:96)
	at org.springframework.aop.framework.ReflectiveMethodInvocation.proceed(ReflectiveMethodInvocation.java:179)
	at org.springframework.dao.support.PersistenceExceptionTranslationInterceptor.invoke(PersistenceExceptionTranslationInterceptor.java:136)
	... 40 common frames omitted
2016-04-07 20:53:29,492 [c.s.s.c.c.SdkVersion] [main] [INFO] SDK starting up, version javasdk-1.5.3.0
